<?xml version="1.0" encoding="UTF-8"?>
<!-- Generated by org.testng.reporters.JUnitXMLReporter -->
<testsuite ignored="0" hostname="kishores-MacBook-Air.local" failures="0" tests="3" name="Test" time="24.676" errors="0" timestamp="2024-05-27T07:21:56 IST">
  <testcase classname="baseclass.Tc_02" name="createContact" time="4.04"/>
  <testcase classname="baseclass.Tc_03" name="addtocart" time="1.648"/>
  <testcase classname="baseclass.tc_01" name="jupcontactvalid" time="1.089"/>
</testsuite> <!-- Test -->
