<?xml version="1.0" encoding="UTF-8"?>
<testng-results ignored="0" total="1" passed="1" failed="0" skipped="0">
  <reporter-output>
  </reporter-output>
  <suite started-at="2024-05-27T15:32:47 IST" name="Default suite" finished-at="2024-05-27T15:33:06 IST" duration-ms="18852">
    <groups>
    </groups>
    <test started-at="2024-05-27T15:32:47 IST" name="Default test" finished-at="2024-05-27T15:33:06 IST" duration-ms="18852">
      <class name="baseclass.tc_01">
        <test-method is-config="true" signature="cofiGbC()[pri:0, instance:baseclass.tc_01@7334aada]" started-at="2024-05-27T15:32:47 IST" name="cofiGbC" finished-at="2024-05-27T15:32:56 IST" duration-ms="8531" status="PASS">
          <reporter-output>
          </reporter-output>
        </test-method> <!-- cofiGbC -->
        <test-method is-config="true" signature="confbm()[pri:0, instance:baseclass.tc_01@7334aada]" started-at="2024-05-27T15:32:56 IST" name="confbm" finished-at="2024-05-27T15:33:02 IST" duration-ms="5653" status="PASS">
          <reporter-output>
          </reporter-output>
        </test-method> <!-- confbm -->
        <test-method signature="jupcontactvalid()[pri:0, instance:baseclass.tc_01@7334aada]" started-at="2024-05-27T15:33:02 IST" name="jupcontactvalid" finished-at="2024-05-27T15:33:06 IST" duration-ms="4216" status="PASS">
          <reporter-output>
          </reporter-output>
        </test-method> <!-- jupcontactvalid -->
        <test-method is-config="true" signature="configAc()[pri:0, instance:baseclass.tc_01@7334aada]" started-at="2024-05-27T15:33:06 IST" name="configAc" finished-at="2024-05-27T15:33:06 IST" duration-ms="326" status="PASS">
          <reporter-output>
          </reporter-output>
        </test-method> <!-- configAc -->
      </class> <!-- baseclass.tc_01 -->
    </test> <!-- Default test -->
  </suite> <!-- Default suite -->
</testng-results>
